<?xml version="1.0" encoding="UTF-8"?>
<!-- Generated by org.testng.reporters.JUnitReportReporter -->
<testsuite skipped="0" hostname="INLEN8520065198" name="My_API.Delete_TC0001" tests="1" failures="0" timestamp="29 Jul 2022 06:48:00 GMT" time="1.204" errors="0">
  <testcase name="delete_data" time="1.204" classname="My_API.Delete_TC0001"/>
</testsuite> <!-- My_API.Delete_TC0001 -->
