<?xml version="1.0" encoding="UTF-8"?>
<!-- Generated by org.testng.reporters.JUnitReportReporter -->
<testsuite skipped="0" hostname="INLEN8520065198" name="Delete_PAC.Delete_TC01" tests="1" failures="0" timestamp="29 Jul 2022 06:33:16 GMT" time="1.868" errors="0">
  <testcase name="delete_test" time="1.868" classname="Delete_PAC.Delete_TC01"/>
</testsuite> <!-- Delete_PAC.Delete_TC01 -->
