<?xml version="1.0" encoding="UTF-8"?>
<!-- Generated by org.testng.reporters.JUnitReportReporter -->
<testsuite skipped="0" hostname="INLEN8520065198" name="TestNGExample.LoginTest" tests="2" failures="0" timestamp="02 Aug 2022 11:31:21 GMT" time="0.011" errors="0">
  <testcase name="f" time="0.003" classname="TestNGExample.LoginTest"/>
  <testcase name="f" time="0.008" classname="TestNGExample.LoginTest"/>
</testsuite> <!-- TestNGExample.LoginTest -->
