<?xml version="1.0" encoding="UTF-8"?>
<!-- Generated by org.testng.reporters.JUnitReportReporter -->
<testsuite skipped="0" hostname="INLEN8520065198" name="GET.Get_TC01" tests="1" failures="0" timestamp="27 Jul 2022 09:28:01 GMT" time="1.670" errors="0">
  <testcase name="Get_API" time="1.670" classname="GET.Get_TC01"/>
</testsuite> <!-- GET.Get_TC01 -->
