<?xml version="1.0" encoding="UTF-8"?>
<!-- Generated by org.testng.reporters.JUnitReportReporter -->
<testsuite skipped="0" hostname="INLEN8520065198" name="Post.Post_TC03" tests="1" failures="0" timestamp="29 Jul 2022 05:06:30 GMT" time="1.878" errors="0">
  <testcase name="post_test3" time="1.878" classname="Post.Post_TC03"/>
</testsuite> <!-- Post.Post_TC03 -->
