<?xml version="1.0" encoding="UTF-8"?>
<!-- Generated by org.testng.reporters.JUnitReportReporter -->
<testsuite skipped="0" hostname="INLEN8520065198" name="Post.Post_TC04" tests="1" failures="0" timestamp="29 Jul 2022 05:08:07 GMT" time="1.840" errors="0">
  <testcase name="post_test4" time="1.840" classname="Post.Post_TC04"/>
</testsuite> <!-- Post.Post_TC04 -->
