<?xml version="1.0" encoding="UTF-8"?>
<!-- Generated by org.testng.reporters.JUnitReportReporter -->
<testsuite skipped="0" hostname="INLEN8520065198" name="PUT_PAC.PUT_TC01" tests="1" failures="0" timestamp="29 Jul 2022 06:25:47 GMT" time="2.002" errors="0">
  <testcase name="put_test" time="2.002" classname="PUT_PAC.PUT_TC01"/>
</testsuite> <!-- PUT_PAC.PUT_TC01 -->
