<?xml version="1.0" encoding="UTF-8"?>
<!-- Generated by org.testng.reporters.JUnitReportReporter -->
<testsuite skipped="0" hostname="INLEN8520065198" name="TestNGExample.TC_Excel" tests="1" failures="0" timestamp="01 Aug 2022 09:17:15 GMT" time="3.891" errors="0">
  <testcase name="f" time="3.891" classname="TestNGExample.TC_Excel"/>
</testsuite> <!-- TestNGExample.TC_Excel -->
