<?xml version="1.0" encoding="UTF-8"?>
<!-- Generated by org.testng.reporters.JUnitReportReporter -->
<testsuite skipped="0" hostname="INLEN8520065198" name="My_API.Post_TC01" tests="1" failures="0" timestamp="29 Jul 2022 05:57:09 GMT" time="1.214" errors="0">
  <testcase name="post_test" time="1.214" classname="My_API.Post_TC01"/>
</testsuite> <!-- My_API.Post_TC01 -->
