<?xml version="1.0" encoding="UTF-8"?>
<!-- Generated by org.testng.reporters.JUnitReportReporter -->
<testsuite skipped="0" hostname="INLEN8520065198" name="GET.Get_TC02" tests="1" failures="0" timestamp="27 Jul 2022 09:28:12 GMT" time="1.498" errors="0">
  <testcase name="get_TC02" time="1.498" classname="GET.Get_TC02"/>
</testsuite> <!-- GET.Get_TC02 -->
