<?xml version="1.0" encoding="UTF-8"?>
<!-- Generated by org.testng.reporters.JUnitReportReporter -->
<testsuite skipped="0" hostname="INLEN8520065198" name="Patch_PAC.Patch_TC01" tests="1" failures="0" timestamp="29 Jul 2022 06:27:48 GMT" time="2.007" errors="0">
  <testcase name="patch_test" time="2.007" classname="Patch_PAC.Patch_TC01"/>
</testsuite> <!-- Patch_PAC.Patch_TC01 -->
