<?xml version="1.0" encoding="UTF-8"?>
<!-- Generated by org.testng.reporters.JUnitReportReporter -->
<testsuite skipped="0" hostname="INLEN8520065198" name="Post.Post_TC01" tests="1" failures="0" timestamp="29 Jul 2022 04:22:53 GMT" time="2.285" errors="0">
  <testcase name="post_test" time="2.285" classname="Post.Post_TC01"/>
</testsuite> <!-- Post.Post_TC01 -->
