<?xml version="1.0" encoding="UTF-8"?>
<!-- Generated by org.testng.reporters.JUnitReportReporter -->
<testsuite skipped="0" hostname="INLEN8520065198" name="GET_PAC.Get_TC03" tests="1" failures="0" timestamp="02 Aug 2022 04:19:55 GMT" time="2.225" errors="0">
  <testcase name="TC03" time="2.225" classname="GET_PAC.Get_TC03"/>
</testsuite> <!-- GET_PAC.Get_TC03 -->
