<?xml version="1.0" encoding="UTF-8"?>
<!-- Generated by org.testng.reporters.JUnitReportReporter -->
<testsuite skipped="0" hostname="INLEN8520065198" name="TestNGExample.SampleTestNGProject" tests="15" failures="0" timestamp="02 Aug 2022 10:44:03 GMT" time="13.715" errors="0">
  <testcase name="Get_Listusers" time="2.829" classname="TestNGExample.SampleTestNGProject"/>
  <testcase name="Get_SingleUser" time="0.281" classname="TestNGExample.SampleTestNGProject"/>
  <testcase name="Get_SingleUserNotFound" time="0.670" classname="TestNGExample.SampleTestNGProject"/>
  <testcase name="Get_ListResource" time="0.390" classname="TestNGExample.SampleTestNGProject"/>
  <testcase name="Get_SingleResource" time="0.291" classname="TestNGExample.SampleTestNGProject"/>
  <testcase name="Get_SingleResourceNotFound" time="0.657" classname="TestNGExample.SampleTestNGProject"/>
  <testcase name="Get_DelayedResponse" time="3.660" classname="TestNGExample.SampleTestNGProject"/>
  <testcase name="Post_Create" time="0.663" classname="TestNGExample.SampleTestNGProject"/>
  <testcase name="Post_RegisterSucessfull" time="0.629" classname="TestNGExample.SampleTestNGProject"/>
  <testcase name="Post_RegisterUnsucessfull" time="0.563" classname="TestNGExample.SampleTestNGProject"/>
  <testcase name="Post_LoginSucessfully" time="0.603" classname="TestNGExample.SampleTestNGProject"/>
  <testcase name="Post_LoginUnsucessfully" time="0.574" classname="TestNGExample.SampleTestNGProject"/>
  <testcase name="Patch_Update" time="0.641" classname="TestNGExample.SampleTestNGProject"/>
  <testcase name="PUT_Update_" time="0.621" classname="TestNGExample.SampleTestNGProject"/>
  <testcase name="delete_test" time="0.643" classname="TestNGExample.SampleTestNGProject"/>
</testsuite> <!-- TestNGExample.SampleTestNGProject -->
