<?xml version="1.0" encoding="UTF-8"?>
<!-- Generated by org.testng.reporters.JUnitReportReporter -->
<testsuite skipped="0" hostname="INLEN8520065198" name="My_API.Get_TC0001" tests="1" failures="0" timestamp="29 Jul 2022 07:10:10 GMT" time="1.921" errors="0">
  <testcase name="get_data" time="1.921" classname="My_API.Get_TC0001"/>
</testsuite> <!-- My_API.Get_TC0001 -->
