<?xml version="1.0" encoding="UTF-8"?>
<!-- Generated by org.testng.reporters.JUnitReportReporter -->
<testsuite skipped="0" hostname="INLEN8520065198" name="GET_PAC.Get_TC06" tests="1" failures="0" timestamp="02 Aug 2022 05:20:38 GMT" time="1.843" errors="0">
  <testcase name="TC03" time="1.843" classname="GET_PAC.Get_TC06"/>
</testsuite> <!-- GET_PAC.Get_TC06 -->
