<?xml version="1.0" encoding="UTF-8"?>
<!-- Generated by org.testng.reporters.JUnitReportReporter -->
<testsuite skipped="0" hostname="INLEN8520065198" name="Post.Post_TC05" tests="1" failures="0" timestamp="29 Jul 2022 05:10:30 GMT" time="1.951" errors="0">
  <testcase name="post_test5" time="1.951" classname="Post.Post_TC05"/>
</testsuite> <!-- Post.Post_TC05 -->
