<?xml version="1.0" encoding="UTF-8"?>
<!-- Generated by org.testng.reporters.JUnitReportReporter -->
<testsuite skipped="0" hostname="INLEN8520065198" name="TestNGExample.TC_Properties" tests="1" failures="0" timestamp="02 Aug 2022 05:47:57 GMT" time="2.301" errors="0">
  <testcase name="f" time="2.301" classname="TestNGExample.TC_Properties"/>
</testsuite> <!-- TestNGExample.TC_Properties -->
