<?xml version="1.0" encoding="UTF-8"?>
<!-- Generated by org.testng.reporters.JUnitReportReporter -->
<testsuite skipped="0" hostname="INLEN8520065198" name="GET.Get_TC05" tests="1" failures="0" timestamp="27 Jul 2022 12:15:57 GMT" time="2.352" errors="0">
  <testcase name="TC03" time="2.352" classname="GET.Get_TC05"/>
</testsuite> <!-- GET.Get_TC05 -->
