<?xml version="1.0" encoding="UTF-8"?>
<!-- Generated by org.testng.reporters.JUnitReportReporter -->
<testsuite skipped="0" hostname="INLEN8520065198" name="TestNGExample.TC001" tests="2" failures="0" timestamp="02 Aug 2022 11:43:52 GMT" time="0.004" errors="0">
  <testcase name="f" time="0.001" classname="TestNGExample.TC001"/>
  <testcase name="f" time="0.003" classname="TestNGExample.TC001"/>
</testsuite> <!-- TestNGExample.TC001 -->
