<?xml version="1.0" encoding="UTF-8"?>
<!-- Generated by org.testng.reporters.JUnitReportReporter -->
<testsuite skipped="0" hostname="INLEN8520065198" name="My_API.Put_TC0001" tests="1" failures="0" timestamp="29 Jul 2022 06:39:25 GMT" time="1.206" errors="0">
  <testcase name="post_test" time="1.206" classname="My_API.Put_TC0001"/>
</testsuite> <!-- My_API.Put_TC0001 -->
