<?xml version="1.0" encoding="UTF-8"?>
<!-- Generated by org.testng.reporters.JUnitReportReporter -->
<testsuite skipped="0" hostname="INLEN8520065198" name="Post.Post_TC06" tests="1" failures="0" timestamp="29 Jul 2022 06:10:07 GMT" time="2.118" errors="0">
  <testcase name="post_test6" time="2.118" classname="Post.Post_TC06"/>
</testsuite> <!-- Post.Post_TC06 -->
